<?xml version="1.0" encoding="UTF-8"?>
<!-- Generated by org.testng.reporters.JUnitReportReporter -->
<testsuite hostname="LAPTOP-TPKQR813" name="flip.gmailTestClass" tests="1" failures="0" timestamp="19 Apr 2022 21:20:00 GMT" time="7.072" errors="0">
  <testcase name="loginToGmail" time="7.072" classname="flip.gmailTestClass"/>
</testsuite> <!-- flip.gmailTestClass -->
