<?xml version="1.0" encoding="UTF-8"?>
<!-- Generated by org.testng.reporters.JUnitReportReporter -->
<testsuite hostname="LAPTOP-TPKQR813" name="pageObjects.App" tests="1" failures="0" timestamp="17 Apr 2022 08:50:33 GMT" time="66.247" errors="0">
  <testcase name="printName" time="66.247" classname="pageObjects.App"/>
</testsuite> <!-- pageObjects.App -->
