<?xml version="1.0" encoding="UTF-8"?>
<!-- Generated by org.testng.reporters.JUnitReportReporter -->
<testsuite hostname="LAPTOP-TPKQR813" name="flip.testclass" tests="1" failures="0" timestamp="21 Apr 2022 07:35:54 GMT" time="87.588" errors="0">
  <testcase name="countofElement" time="87.588" classname="flip.testclass"/>
</testsuite> <!-- flip.testclass -->
